[0m14:34:46.492883 [debug] [MainThread]: Sending event: {'category': 'dbt', 'action': 'invocation', 'label': 'start', 'context': [<snowplow_tracker.self_describing_json.SelfDescribingJson object at 0x7f8543ed1dc0>, <snowplow_tracker.self_describing_json.SelfDescribingJson object at 0x7f8543cd7ef0>, <snowplow_tracker.self_describing_json.SelfDescribingJson object at 0x7f854388b770>]}


============================== 14:34:46.495623 | e2b108a1-866d-47d6-8817-75964d76e9e4 ==============================
[0m14:34:46.495623 [info ] [MainThread]: Running with dbt=1.11.11
[0m14:34:46.496167 [debug] [MainThread]: running dbt with arguments {'warn_error': 'None', 'use_colors': 'True', 'quiet': 'False', 'cache_selected_only': 'False', 'partial_parse': 'True', 'write_json': 'True', 'log_path': 'logs', 'log_cache_events': 'False', 'empty': 'None', 'use_experimental_parser': 'False', 'no_print': 'None', 'printer_width': '80', 'invocation_command': 'dbt init dbt_supply_chain_warning', 'version_check': 'True', 'warn_error_options': 'WarnErrorOptionsV2(error=[], warn=[], silence=[])', 'introspect': 'True', 'fail_fast': 'False', 'target_path': 'None', 'debug': 'False', 'indirect_selection': 'eager', 'log_format': 'default', 'profiles_dir': '/home/ryu/.dbt', 'static_parser': 'True', 'send_anonymous_usage_stats': 'True'}
[0m14:34:46.502953 [info ] [MainThread]: Creating dbt configuration folder at /home/ryu/.dbt
[0m14:34:46.504040 [debug] [MainThread]: Starter project path: /home/ryu/Documents/projects/supply-chain-warning/.venv/lib64/python3.12/site-packages/dbt/include/starter_project
[0m14:34:46.505787 [info ] [MainThread]: 
Your new dbt project "dbt_supply_chain_warning" was created!

For more information on how to configure the profiles.yml file,
please consult the dbt documentation here:

  https://docs.getdbt.com/docs/configure-your-profile

One more thing:

Need help? Don't hesitate to reach out to us via GitHub issues or on Slack:

  https://community.getdbt.com/

Happy modeling!

[0m14:34:46.506170 [info ] [MainThread]: Setting up your profile.
[0m14:35:13.454406 [info ] [MainThread]: Profile dbt_supply_chain_warning written to /home/ryu/.dbt/profiles.yml using target's profile_template.yml and your supplied values. Run 'dbt debug' to validate the connection.
[0m14:35:13.455271 [debug] [MainThread]: Resource report: {"command_name": "init", "command_success": true, "command_wall_clock_time": 27.017292, "process_in_blocks": "0", "process_kernel_time": 0.079541, "process_mem_max_rss": "118852", "process_out_blocks": "232", "process_user_time": 1.247701}
[0m14:35:13.455755 [debug] [MainThread]: Command `dbt init` succeeded at 14:35:13.455651 after 27.02 seconds
[0m14:35:13.456168 [debug] [MainThread]: Sending event: {'category': 'dbt', 'action': 'invocation', 'label': 'end', 'context': [<snowplow_tracker.self_describing_json.SelfDescribingJson object at 0x7f8543f80680>, <snowplow_tracker.self_describing_json.SelfDescribingJson object at 0x7f8543220380>, <snowplow_tracker.self_describing_json.SelfDescribingJson object at 0x7f85435e61b0>]}
[0m14:35:13.456581 [debug] [MainThread]: Flushing usage events
[0m14:35:13.749255 [debug] [MainThread]: An error was encountered while trying to flush usage events
[0m14:35:20.580771 [debug] [MainThread]: Sending event: {'category': 'dbt', 'action': 'invocation', 'label': 'start', 'context': [<snowplow_tracker.self_describing_json.SelfDescribingJson object at 0x7fa198237440>, <snowplow_tracker.self_describing_json.SelfDescribingJson object at 0x7fa19794f260>, <snowplow_tracker.self_describing_json.SelfDescribingJson object at 0x7fa198315d30>]}


============================== 14:35:20.583467 | 051c3ed3-f058-4989-862e-5d68edf20507 ==============================
[0m14:35:20.583467 [info ] [MainThread]: Running with dbt=1.11.11
[0m14:35:20.583982 [debug] [MainThread]: running dbt with arguments {'use_experimental_parser': 'False', 'printer_width': '80', 'use_colors': 'True', 'write_json': 'True', 'warn_error': 'None', 'log_cache_events': 'False', 'partial_parse': 'True', 'indirect_selection': 'eager', 'target_path': 'None', 'version_check': 'True', 'log_format': 'default', 'introspect': 'True', 'fail_fast': 'False', 'log_path': 'logs', 'invocation_command': 'dbt debug', 'empty': 'None', 'quiet': 'False', 'send_anonymous_usage_stats': 'True', 'static_parser': 'True', 'no_print': 'None', 'debug': 'False', 'warn_error_options': 'WarnErrorOptionsV2(error=[], warn=[], silence=[])', 'profiles_dir': '/home/ryu/.dbt', 'cache_selected_only': 'False'}
[0m14:35:20.590887 [info ] [MainThread]: dbt version: 1.11.11
[0m14:35:20.591293 [info ] [MainThread]: python version: 3.12.13
[0m14:35:20.591640 [info ] [MainThread]: python path: /home/ryu/Documents/projects/supply-chain-warning/.venv/bin/python3.12
[0m14:35:20.591990 [info ] [MainThread]: os info: Linux-7.0.9-200.nobara.fc43.x86_64-x86_64-with-glibc2.42
[0m14:35:20.631674 [info ] [MainThread]: Using profiles dir at /home/ryu/.dbt
[0m14:35:20.632106 [info ] [MainThread]: Using profiles.yml file at /home/ryu/.dbt/profiles.yml
[0m14:35:20.632445 [info ] [MainThread]: Using dbt_project.yml file at /home/ryu/Documents/projects/supply-chain-warning/dbt_project.yml
[0m14:35:20.632908 [info ] [MainThread]: adapter type: postgres
[0m14:35:20.633292 [info ] [MainThread]: adapter version: 1.10.0
[0m14:35:20.633638 [info ] [MainThread]: Configuration:
[0m14:35:20.633974 [info ] [MainThread]:   profiles.yml file [[32mOK found and valid[0m]
[0m14:35:20.634301 [info ] [MainThread]:   dbt_project.yml file [[31mERROR not found[0m]
[0m14:35:20.634628 [info ] [MainThread]: Required dependencies:
[0m14:35:20.634996 [debug] [MainThread]: Executing "git --help"
[0m14:35:20.636412 [debug] [MainThread]: STDOUT: "b"usage: git [-v | --version] [-h | --help] [-C <path>] [-c <name>=<value>]\n           [--exec-path[=<path>]] [--html-path] [--man-path] [--info-path]\n           [-p | --paginate | -P | --no-pager] [--no-replace-objects] [--no-lazy-fetch]\n           [--no-optional-locks] [--no-advice] [--bare] [--git-dir=<path>]\n           [--work-tree=<path>] [--namespace=<name>] [--config-env=<name>=<envvar>]\n           <command> [<args>]\n\nThese are common Git commands used in various situations:\n\nstart a working area (see also: git help tutorial)\n   clone      Clone a repository into a new directory\n   init       Create an empty Git repository or reinitialize an existing one\n\nwork on the current change (see also: git help everyday)\n   add        Add file contents to the index\n   mv         Move or rename a file, a directory, or a symlink\n   restore    Restore working tree files\n   rm         Remove files from the working tree and from the index\n\nexamine the history and state (see also: git help revisions)\n   bisect     Use binary search to find the commit that introduced a bug\n   diff       Show changes between commits, commit and working tree, etc\n   grep       Print lines matching a pattern\n   log        Show commit logs\n   show       Show various types of objects\n   status     Show the working tree status\n\ngrow, mark and tweak your common history\n   backfill   Download missing objects in a partial clone\n   branch     List, create, or delete branches\n   commit     Record changes to the repository\n   history    EXPERIMENTAL: Rewrite history\n   merge      Join two or more development histories together\n   rebase     Reapply commits on top of another base tip\n   reset      Set `HEAD` or the index to a known state\n   switch     Switch branches\n   tag        Create, list, delete or verify tags\n\ncollaborate (see also: git help workflows)\n   fetch      Download objects and refs from another repository\n   pull       Fetch from and integrate with another repository or a local branch\n   push       Update remote refs along with associated objects\n\n'git help -a' and 'git help -g' list available subcommands and some\nconcept guides. See 'git help <command>' or 'git help <concept>'\nto read about a specific subcommand or concept.\nSee 'git help git' for an overview of the system.\n""
[0m14:35:20.636816 [debug] [MainThread]: STDERR: "b''"
[0m14:35:20.637137 [info ] [MainThread]:  - git [[32mOK found[0m]

[0m14:35:20.637481 [info ] [MainThread]: Connection:
[0m14:35:20.637856 [info ] [MainThread]:   host: localhost
[0m14:35:20.638192 [info ] [MainThread]:   port: 5432
[0m14:35:20.638518 [info ] [MainThread]:   user: postgres
[0m14:35:20.638854 [info ] [MainThread]:   database: supply_chain
[0m14:35:20.639185 [info ] [MainThread]:   schema: public
[0m14:35:20.639512 [info ] [MainThread]:   connect_timeout: 10
[0m14:35:20.639848 [info ] [MainThread]:   role: None
[0m14:35:20.640173 [info ] [MainThread]:   search_path: None
[0m14:35:20.640499 [info ] [MainThread]:   keepalives_idle: 0
[0m14:35:20.640844 [info ] [MainThread]:   sslmode: None
[0m14:35:20.641176 [info ] [MainThread]:   sslcert: None
[0m14:35:20.641510 [info ] [MainThread]:   sslkey: None
[0m14:35:20.641872 [info ] [MainThread]:   sslrootcert: None
[0m14:35:20.642211 [info ] [MainThread]:   application_name: dbt
[0m14:35:20.642537 [info ] [MainThread]:   retries: 1
[0m14:35:20.642988 [info ] [MainThread]: Registered adapter: postgres=1.10.0
[0m14:35:20.705374 [debug] [MainThread]: Acquiring new postgres connection 'debug'
[0m14:35:20.723220 [debug] [MainThread]: Using postgres connection "debug"
[0m14:35:20.723625 [debug] [MainThread]: On debug: select 1 as id
[0m14:35:20.723983 [debug] [MainThread]: Opening a new connection, currently in state init
[0m14:35:20.768141 [debug] [MainThread]: SQL status: SELECT 1 in 0.044 seconds
[0m14:35:20.769096 [debug] [MainThread]: On debug: Close
[0m14:35:20.769511 [info ] [MainThread]:   Connection test: [[32mOK connection ok[0m]

[0m14:35:20.770022 [info ] [MainThread]: [31m1 check failed:[0m
[0m14:35:20.770434 [info ] [MainThread]: Project loading failed for the following reason:
 project path </home/ryu/Documents/projects/supply-chain-warning/dbt_project.yml> not found

[0m14:35:20.771249 [debug] [MainThread]: Resource report: {"command_name": "debug", "command_success": false, "command_wall_clock_time": 0.24571846, "process_in_blocks": "64", "process_kernel_time": 0.106488, "process_mem_max_rss": "128424", "process_out_blocks": "32", "process_user_time": 1.328589}
[0m14:35:20.771806 [debug] [MainThread]: Command `dbt debug` failed at 14:35:20.771705 after 0.25 seconds
[0m14:35:20.772172 [debug] [MainThread]: Connection 'debug' was properly closed.
[0m14:35:20.772539 [debug] [MainThread]: Sending event: {'category': 'dbt', 'action': 'invocation', 'label': 'end', 'context': [<snowplow_tracker.self_describing_json.SelfDescribingJson object at 0x7fa19801d1c0>, <snowplow_tracker.self_describing_json.SelfDescribingJson object at 0x7fa19792e600>, <snowplow_tracker.self_describing_json.SelfDescribingJson object at 0x7fa197704e60>]}
[0m14:35:20.772974 [debug] [MainThread]: Flushing usage events
[0m14:35:20.921922 [debug] [MainThread]: An error was encountered while trying to flush usage events
